TN:
SF:app.js
FN:8,syncTables
FN:17,startServer
FN:26,initializeApp
FNF:3
FNH:3
FNDA:1,syncTables
FNDA:1,startServer
FNDA:1,initializeApp
DA:1,1
DA:2,1
DA:3,1
DA:5,1
DA:6,1
DA:9,1
DA:10,1
DA:11,0
DA:13,1
DA:18,1
DA:19,1
DA:20,1
DA:22,0
DA:27,1
DA:28,1
DA:30,1
DA:31,1
DA:34,1
DA:36,1
LF:19
LH:17
BRDA:6,0,0,1
BRDA:6,0,1,1
BRF:2
BRH:2
end_of_record
TN:
SF:config/database.js
FNF:0
FNH:0
DA:1,1
DA:3,1
DA:9,1
LF:3
LH:3
BRF:0
BRH:0
end_of_record
TN:
SF:controllers/petController.js
FN:3,(anonymous_0)
FN:13,(anonymous_1)
FN:23,(anonymous_2)
FNF:3
FNH:3
FNDA:1,(anonymous_0)
FNDA:1,(anonymous_1)
FNDA:1,(anonymous_2)
DA:1,1
DA:3,1
DA:4,1
DA:5,1
DA:6,1
DA:7,1
DA:9,0
DA:13,1
DA:14,1
DA:15,1
DA:16,1
DA:17,1
DA:19,0
DA:23,1
DA:24,1
DA:25,1
DA:26,1
DA:27,1
DA:28,0
DA:30,1
DA:33,0
LF:21
LH:17
BRDA:5,0,0,1
BRDA:5,0,1,1
BRDA:27,1,0,0
BRDA:27,1,1,1
BRF:4
BRH:3
end_of_record
TN:
SF:models/petModel.js
FNF:0
FNH:0
DA:1,1
DA:2,1
DA:4,1
DA:18,1
LF:4
LH:4
BRF:0
BRH:0
end_of_record
TN:
SF:routes/petRoutes.js
FNF:0
FNH:0
DA:1,1
DA:2,1
DA:3,1
DA:35,1
DA:56,1
DA:81,1
DA:83,1
LF:7
LH:7
BRF:0
BRH:0
end_of_record
